Drill report for saturn.kicad_pcb
Created on 2026-03-03T22:35:12+0100

Copper Layer Stackup:
    =============================================================
    L1 :  F.Cu                      front
    L2 :  In1.Cu                    in1
    L3 :  In2.Cu                    in2
    L4 :  B.Cu                      back


Drill file 'saturn-PTH.drl' contains
    plated through holes:
    =============================================================
    T1  0.300mm  0.0118"  (157 holes)
    T2  0.600mm  0.0236"  (6 holes)  (with 6 slots)
    T3  0.850mm  0.0335"  (2 holes)
    T4  0.950mm  0.0374"  (13 holes)
    T5  1.000mm  0.0394"  (44 holes)

    Total plated holes count 222


Drill file 'saturn-NPTH.drl' contains
    unplated through holes:
    =============================================================
    T1  0.650mm  0.0256"  (2 holes)
    T2  1.152mm  0.0454"  (3 holes)
    T3  3.200mm  0.1260"  (4 holes)

    Total unplated holes count 9
